<?xml version="1.0" encoding="UTF-8"?>
<testsuite xmlns:xsi="http://www.w3.org/2001/XMLSchema-instance" xsi:noNamespaceSchemaLocation="https://maven.apache.org/surefire/maven-surefire-plugin/xsd/surefire-test-report-3.0.xsd" version="3.0" name="org.apache.hadoop.hbase.zookeeper.TestZKUtilNoServer" time="1.43" tests="5" errors="0" skipped="0" failures="0">
  <properties>
    <property name="awt.toolkit" value="sun.awt.X11.XToolkit"/>
    <property name="file.encoding.pkg" value="sun.io"/>
    <property name="java.specification.version" value="1.8"/>
    <property name="sun.cpu.isalist" value=""/>
    <property name="sun.jnu.encoding" value="UTF-8"/>
    <property name="java.class.path" value="/data2/hbase/hbase-zookeeper/target/test-classes:/data2/hbase/hbase-zookeeper/target/classes:/home/miller/.m2/repository/org/apache/hbase/thirdparty/hbase-shaded-protobuf/3.2.0/hbase-shaded-protobuf-3.2.0.jar:/home/miller/.m2/repository/org/apache/hbase/thirdparty/hbase-shaded-miscellaneous/3.2.0/hbase-shaded-miscellaneous-3.2.0.jar:/home/miller/.m2/repository/com/google/errorprone/error_prone_annotations/2.3.4/error_prone_annotations-2.3.4.jar:/data2/hbase/hbase-common/target/classes:/home/miller/.m2/repository/org/apache/hbase/thirdparty/hbase-shaded-gson/3.2.0/hbase-shaded-gson-3.2.0.jar:/home/miller/.m2/repository/org/apache/hbase/thirdparty/hbase-shaded-netty/3.2.0/hbase-shaded-netty-3.2.0.jar:/home/miller/.m2/repository/commons-codec/commons-codec/1.13/commons-codec-1.13.jar:/home/miller/.m2/repository/commons-io/commons-io/2.6/commons-io-2.6.jar:/home/miller/.m2/repository/com/google/protobuf/protobuf-java/2.5.0/protobuf-java-2.5.0.jar:/home/miller/.m2/repository/org/apache/htrace/htrace-core4/4.2.0-incubating/htrace-core4-4.2.0-incubating.jar:/home/miller/.m2/repository/org/apache/commons/commons-crypto/1.0.0/commons-crypto-1.0.0.jar:/data2/hbase/hbase-common/target/test-classes:/data2/hbase/hbase-client/target/classes:/data2/hbase/hbase-protocol/target/classes:/home/miller/.m2/repository/org/jruby/jcodings/jcodings/1.0.18/jcodings-1.0.18.jar:/home/miller/.m2/repository/org/jruby/joni/joni/2.1.11/joni-2.1.11.jar:/home/miller/.m2/repository/io/dropwizard/metrics/metrics-core/3.2.6/metrics-core-3.2.6.jar:/data2/hbase/hbase-annotations/target/test-classes:/data2/hbase/hbase-protocol-shaded/target/classes:/data2/hbase/hbase-hadoop-compat/target/classes:/data2/hbase/hbase-metrics-api/target/classes:/data2/hbase/hbase-hadoop2-compat/target/classes:/data2/hbase/hbase-metrics/target/classes:/home/miller/.m2/repository/com/github/stephenc/findbugs/findbugs-annotations/1.3.9-1/findbugs-annotations-1.3.9-1.jar:/home/miller/.m2/repository/org/apache/commons/commons-lang3/3.9/commons-lang3-3.9.jar:/home/miller/.m2/repository/org/slf4j/slf4j-api/1.7.30/slf4j-api-1.7.30.jar:/home/miller/.m2/repository/log4j/log4j/1.2.17/log4j-1.2.17.jar:/home/miller/.m2/repository/org/apache/zookeeper/zookeeper/3.4.14/zookeeper-3.4.14.jar:/home/miller/.m2/repository/org/slf4j/slf4j-log4j12/1.7.30/slf4j-log4j12-1.7.30.jar:/home/miller/.m2/repository/junit/junit/4.13/junit-4.13.jar:/home/miller/.m2/repository/org/hamcrest/hamcrest-core/1.3/hamcrest-core-1.3.jar:/home/miller/.m2/repository/org/mockito/mockito-core/2.28.2/mockito-core-2.28.2.jar:/home/miller/.m2/repository/net/bytebuddy/byte-buddy/1.9.10/byte-buddy-1.9.10.jar:/home/miller/.m2/repository/net/bytebuddy/byte-buddy-agent/1.9.10/byte-buddy-agent-1.9.10.jar:/home/miller/.m2/repository/org/objenesis/objenesis/2.6/objenesis-2.6.jar:/home/miller/.m2/repository/org/apache/hadoop/hadoop-common/2.8.5/hadoop-common-2.8.5.jar:/home/miller/.m2/repository/org/apache/hadoop/hadoop-annotations/2.8.5/hadoop-annotations-2.8.5.jar:/usr/lib/jvm/java-8-openjdk-amd64/jre/../lib/tools.jar:/home/miller/.m2/repository/com/google/guava/guava/11.0.2/guava-11.0.2.jar:/home/miller/.m2/repository/commons-cli/commons-cli/1.2/commons-cli-1.2.jar:/home/miller/.m2/repository/org/apache/commons/commons-math3/3.6.1/commons-math3-3.6.1.jar:/home/miller/.m2/repository/xmlenc/xmlenc/0.52/xmlenc-0.52.jar:/home/miller/.m2/repository/org/apache/httpcomponents/httpclient/4.5.3/httpclient-4.5.3.jar:/home/miller/.m2/repository/org/apache/httpcomponents/httpcore/4.4.13/httpcore-4.4.13.jar:/home/miller/.m2/repository/commons-net/commons-net/3.1/commons-net-3.1.jar:/home/miller/.m2/repository/commons-collections/commons-collections/3.2.2/commons-collections-3.2.2.jar:/home/miller/.m2/repository/org/mortbay/jetty/jetty/6.1.26/jetty-6.1.26.jar:/home/miller/.m2/repository/org/mortbay/jetty/jetty-util/6.1.26/jetty-util-6.1.26.jar:/home/miller/.m2/repository/org/mortbay/jetty/jetty-sslengine/6.1.26/jetty-sslengine-6.1.26.jar:/home/miller/.m2/repository/com/sun/jersey/jersey-json/1.9/jersey-json-1.9.jar:/home/miller/.m2/repository/org/codehaus/jettison/jettison/1.3.8/jettison-1.3.8.jar:/home/miller/.m2/repository/com/sun/xml/bind/jaxb-impl/2.2.3-1/jaxb-impl-2.2.3-1.jar:/home/miller/.m2/repository/javax/xml/bind/jaxb-api/2.2.12/jaxb-api-2.2.12.jar:/home/miller/.m2/repository/com/sun/jersey/jersey-server/1.9/jersey-server-1.9.jar:/home/miller/.m2/repository/asm/asm/3.1/asm-3.1.jar:/home/miller/.m2/repository/commons-logging/commons-logging/1.2/commons-logging-1.2.jar:/home/miller/.m2/repository/net/java/dev/jets3t/jets3t/0.9.0/jets3t-0.9.0.jar:/home/miller/.m2/repository/com/jamesmurty/utils/java-xmlbuilder/0.4/java-xmlbuilder-0.4.jar:/home/miller/.m2/repository/commons-lang/commons-lang/2.6/commons-lang-2.6.jar:/home/miller/.m2/repository/commons-configuration/commons-configuration/1.6/commons-configuration-1.6.jar:/home/miller/.m2/repository/commons-digester/commons-digester/1.8/commons-digester-1.8.jar:/home/miller/.m2/repository/commons-beanutils/commons-beanutils-core/1.8.0/commons-beanutils-core-1.8.0.jar:/home/miller/.m2/repository/org/apache/avro/avro/1.7.7/avro-1.7.7.jar:/home/miller/.m2/repository/com/thoughtworks/paranamer/paranamer/2.3/paranamer-2.3.jar:/home/miller/.m2/repository/org/xerial/snappy/snappy-java/1.0.5/snappy-java-1.0.5.jar:/home/miller/.m2/repository/com/google/code/gson/gson/2.2.4/gson-2.2.4.jar:/home/miller/.m2/repository/com/jcraft/jsch/0.1.54/jsch-0.1.54.jar:/home/miller/.m2/repository/org/apache/curator/curator-client/4.2.0/curator-client-4.2.0.jar:/home/miller/.m2/repository/org/apache/curator/curator-recipes/4.2.0/curator-recipes-4.2.0.jar:/home/miller/.m2/repository/org/apache/commons/commons-compress/1.4.1/commons-compress-1.4.1.jar:/home/miller/.m2/repository/org/tukaani/xz/1.0/xz-1.0.jar:/home/miller/.m2/repository/org/apache/hadoop/hadoop-auth/2.8.5/hadoop-auth-2.8.5.jar:/home/miller/.m2/repository/com/nimbusds/nimbus-jose-jwt/4.41.1/nimbus-jose-jwt-4.41.1.jar:/home/miller/.m2/repository/com/github/stephenc/jcip/jcip-annotations/1.0-1/jcip-annotations-1.0-1.jar:/home/miller/.m2/repository/org/apache/directory/server/apacheds-kerberos-codec/2.0.0-M15/apacheds-kerberos-codec-2.0.0-M15.jar:/home/miller/.m2/repository/org/apache/directory/server/apacheds-i18n/2.0.0-M15/apacheds-i18n-2.0.0-M15.jar:/home/miller/.m2/repository/org/apache/directory/api/api-asn1-api/1.0.0-M20/api-asn1-api-1.0.0-M20.jar:/home/miller/.m2/repository/org/apache/directory/api/api-util/1.0.0-M20/api-util-1.0.0-M20.jar:/home/miller/.m2/repository/org/apache/curator/curator-framework/4.2.0/curator-framework-4.2.0.jar:/home/miller/.m2/repository/org/apache/yetus/audience-annotations/0.5.0/audience-annotations-0.5.0.jar:"/>
    <property name="java.vm.vendor" value="Private Build"/>
    <property name="sun.arch.data.model" value="64"/>
    <property name="java.vendor.url" value="http://java.oracle.com/"/>
    <property name="user.timezone" value="America/Chicago"/>
    <property name="java.vm.specification.version" value="1.8"/>
    <property name="os.name" value="Linux"/>
    <property name="user.country" value="US"/>
    <property name="sun.java.launcher" value="SUN_STANDARD"/>
    <property name="sun.boot.library.path" value="/usr/lib/jvm/java-8-openjdk-amd64/jre/lib/amd64"/>
    <property name="sun.java.command" value="/data2/hbase/hbase-zookeeper/target/${surefire.tempDir}-${surefire.forkNumber}/surefirebooter6345722589167821559.jar /data2/hbase/hbase-zookeeper/target/${surefire.tempDir}-${surefire.forkNumber} 2020-03-01T00-32-00_992-jvmRun11 surefire6380317678157726531tmp surefire_3508096016687102455389tmp"/>
    <property name="surefire.test.class.path" value="/data2/hbase/hbase-zookeeper/target/test-classes:/data2/hbase/hbase-zookeeper/target/classes:/home/miller/.m2/repository/org/apache/hbase/thirdparty/hbase-shaded-protobuf/3.2.0/hbase-shaded-protobuf-3.2.0.jar:/home/miller/.m2/repository/org/apache/hbase/thirdparty/hbase-shaded-miscellaneous/3.2.0/hbase-shaded-miscellaneous-3.2.0.jar:/home/miller/.m2/repository/com/google/errorprone/error_prone_annotations/2.3.4/error_prone_annotations-2.3.4.jar:/data2/hbase/hbase-common/target/classes:/home/miller/.m2/repository/org/apache/hbase/thirdparty/hbase-shaded-gson/3.2.0/hbase-shaded-gson-3.2.0.jar:/home/miller/.m2/repository/org/apache/hbase/thirdparty/hbase-shaded-netty/3.2.0/hbase-shaded-netty-3.2.0.jar:/home/miller/.m2/repository/commons-codec/commons-codec/1.13/commons-codec-1.13.jar:/home/miller/.m2/repository/commons-io/commons-io/2.6/commons-io-2.6.jar:/home/miller/.m2/repository/com/google/protobuf/protobuf-java/2.5.0/protobuf-java-2.5.0.jar:/home/miller/.m2/repository/org/apache/htrace/htrace-core4/4.2.0-incubating/htrace-core4-4.2.0-incubating.jar:/home/miller/.m2/repository/org/apache/commons/commons-crypto/1.0.0/commons-crypto-1.0.0.jar:/data2/hbase/hbase-common/target/test-classes:/data2/hbase/hbase-client/target/classes:/data2/hbase/hbase-protocol/target/classes:/home/miller/.m2/repository/org/jruby/jcodings/jcodings/1.0.18/jcodings-1.0.18.jar:/home/miller/.m2/repository/org/jruby/joni/joni/2.1.11/joni-2.1.11.jar:/home/miller/.m2/repository/io/dropwizard/metrics/metrics-core/3.2.6/metrics-core-3.2.6.jar:/data2/hbase/hbase-annotations/target/test-classes:/data2/hbase/hbase-protocol-shaded/target/classes:/data2/hbase/hbase-hadoop-compat/target/classes:/data2/hbase/hbase-metrics-api/target/classes:/data2/hbase/hbase-hadoop2-compat/target/classes:/data2/hbase/hbase-metrics/target/classes:/home/miller/.m2/repository/com/github/stephenc/findbugs/findbugs-annotations/1.3.9-1/findbugs-annotations-1.3.9-1.jar:/home/miller/.m2/repository/org/apache/commons/commons-lang3/3.9/commons-lang3-3.9.jar:/home/miller/.m2/repository/org/slf4j/slf4j-api/1.7.30/slf4j-api-1.7.30.jar:/home/miller/.m2/repository/log4j/log4j/1.2.17/log4j-1.2.17.jar:/home/miller/.m2/repository/org/apache/zookeeper/zookeeper/3.4.14/zookeeper-3.4.14.jar:/home/miller/.m2/repository/org/slf4j/slf4j-log4j12/1.7.30/slf4j-log4j12-1.7.30.jar:/home/miller/.m2/repository/junit/junit/4.13/junit-4.13.jar:/home/miller/.m2/repository/org/hamcrest/hamcrest-core/1.3/hamcrest-core-1.3.jar:/home/miller/.m2/repository/org/mockito/mockito-core/2.28.2/mockito-core-2.28.2.jar:/home/miller/.m2/repository/net/bytebuddy/byte-buddy/1.9.10/byte-buddy-1.9.10.jar:/home/miller/.m2/repository/net/bytebuddy/byte-buddy-agent/1.9.10/byte-buddy-agent-1.9.10.jar:/home/miller/.m2/repository/org/objenesis/objenesis/2.6/objenesis-2.6.jar:/home/miller/.m2/repository/org/apache/hadoop/hadoop-common/2.8.5/hadoop-common-2.8.5.jar:/home/miller/.m2/repository/org/apache/hadoop/hadoop-annotations/2.8.5/hadoop-annotations-2.8.5.jar:/usr/lib/jvm/java-8-openjdk-amd64/jre/../lib/tools.jar:/home/miller/.m2/repository/com/google/guava/guava/11.0.2/guava-11.0.2.jar:/home/miller/.m2/repository/commons-cli/commons-cli/1.2/commons-cli-1.2.jar:/home/miller/.m2/repository/org/apache/commons/commons-math3/3.6.1/commons-math3-3.6.1.jar:/home/miller/.m2/repository/xmlenc/xmlenc/0.52/xmlenc-0.52.jar:/home/miller/.m2/repository/org/apache/httpcomponents/httpclient/4.5.3/httpclient-4.5.3.jar:/home/miller/.m2/repository/org/apache/httpcomponents/httpcore/4.4.13/httpcore-4.4.13.jar:/home/miller/.m2/repository/commons-net/commons-net/3.1/commons-net-3.1.jar:/home/miller/.m2/repository/commons-collections/commons-collections/3.2.2/commons-collections-3.2.2.jar:/home/miller/.m2/repository/org/mortbay/jetty/jetty/6.1.26/jetty-6.1.26.jar:/home/miller/.m2/repository/org/mortbay/jetty/jetty-util/6.1.26/jetty-util-6.1.26.jar:/home/miller/.m2/repository/org/mortbay/jetty/jetty-sslengine/6.1.26/jetty-sslengine-6.1.26.jar:/home/miller/.m2/repository/com/sun/jersey/jersey-json/1.9/jersey-json-1.9.jar:/home/miller/.m2/repository/org/codehaus/jettison/jettison/1.3.8/jettison-1.3.8.jar:/home/miller/.m2/repository/com/sun/xml/bind/jaxb-impl/2.2.3-1/jaxb-impl-2.2.3-1.jar:/home/miller/.m2/repository/javax/xml/bind/jaxb-api/2.2.12/jaxb-api-2.2.12.jar:/home/miller/.m2/repository/com/sun/jersey/jersey-server/1.9/jersey-server-1.9.jar:/home/miller/.m2/repository/asm/asm/3.1/asm-3.1.jar:/home/miller/.m2/repository/commons-logging/commons-logging/1.2/commons-logging-1.2.jar:/home/miller/.m2/repository/net/java/dev/jets3t/jets3t/0.9.0/jets3t-0.9.0.jar:/home/miller/.m2/repository/com/jamesmurty/utils/java-xmlbuilder/0.4/java-xmlbuilder-0.4.jar:/home/miller/.m2/repository/commons-lang/commons-lang/2.6/commons-lang-2.6.jar:/home/miller/.m2/repository/commons-configuration/commons-configuration/1.6/commons-configuration-1.6.jar:/home/miller/.m2/repository/commons-digester/commons-digester/1.8/commons-digester-1.8.jar:/home/miller/.m2/repository/commons-beanutils/commons-beanutils-core/1.8.0/commons-beanutils-core-1.8.0.jar:/home/miller/.m2/repository/org/apache/avro/avro/1.7.7/avro-1.7.7.jar:/home/miller/.m2/repository/com/thoughtworks/paranamer/paranamer/2.3/paranamer-2.3.jar:/home/miller/.m2/repository/org/xerial/snappy/snappy-java/1.0.5/snappy-java-1.0.5.jar:/home/miller/.m2/repository/com/google/code/gson/gson/2.2.4/gson-2.2.4.jar:/home/miller/.m2/repository/com/jcraft/jsch/0.1.54/jsch-0.1.54.jar:/home/miller/.m2/repository/org/apache/curator/curator-client/4.2.0/curator-client-4.2.0.jar:/home/miller/.m2/repository/org/apache/curator/curator-recipes/4.2.0/curator-recipes-4.2.0.jar:/home/miller/.m2/repository/org/apache/commons/commons-compress/1.4.1/commons-compress-1.4.1.jar:/home/miller/.m2/repository/org/tukaani/xz/1.0/xz-1.0.jar:/home/miller/.m2/repository/org/apache/hadoop/hadoop-auth/2.8.5/hadoop-auth-2.8.5.jar:/home/miller/.m2/repository/com/nimbusds/nimbus-jose-jwt/4.41.1/nimbus-jose-jwt-4.41.1.jar:/home/miller/.m2/repository/com/github/stephenc/jcip/jcip-annotations/1.0-1/jcip-annotations-1.0-1.jar:/home/miller/.m2/repository/org/apache/directory/server/apacheds-kerberos-codec/2.0.0-M15/apacheds-kerberos-codec-2.0.0-M15.jar:/home/miller/.m2/repository/org/apache/directory/server/apacheds-i18n/2.0.0-M15/apacheds-i18n-2.0.0-M15.jar:/home/miller/.m2/repository/org/apache/directory/api/api-asn1-api/1.0.0-M20/api-asn1-api-1.0.0-M20.jar:/home/miller/.m2/repository/org/apache/directory/api/api-util/1.0.0-M20/api-util-1.0.0-M20.jar:/home/miller/.m2/repository/org/apache/curator/curator-framework/4.2.0/curator-framework-4.2.0.jar:/home/miller/.m2/repository/org/apache/yetus/audience-annotations/0.5.0/audience-annotations-0.5.0.jar:"/>
    <property name="sun.cpu.endian" value="little"/>
    <property name="user.home" value="/home/miller"/>
    <property name="user.language" value="en"/>
    <property name="java.specification.vendor" value="Oracle Corporation"/>
    <property name="java.home" value="/usr/lib/jvm/java-8-openjdk-amd64/jre"/>
    <property name="basedir" value="/data2/hbase/hbase-zookeeper"/>
    <property name="file.separator" value="/"/>
    <property name="line.separator" value="&#10;"/>
    <property name="java.vm.specification.vendor" value="Oracle Corporation"/>
    <property name="java.specification.name" value="Java Platform API Specification"/>
    <property name="java.awt.graphicsenv" value="sun.awt.X11GraphicsEnvironment"/>
    <property name="java.awt.headless" value="true"/>
    <property name="surefire.real.class.path" value="/data2/hbase/hbase-zookeeper/target/${surefire.tempDir}-${surefire.forkNumber}/surefirebooter6345722589167821559.jar"/>
    <property name="jdk.net.URLClassPath.disableClassPathURLCheck" value="true"/>
    <property name="hbase.netty.eventloop.default.pool" value="5"/>
    <property name="sun.boot.class.path" value="/usr/lib/jvm/java-8-openjdk-amd64/jre/lib/resources.jar:/usr/lib/jvm/java-8-openjdk-amd64/jre/lib/rt.jar:/usr/lib/jvm/java-8-openjdk-amd64/jre/lib/sunrsasign.jar:/usr/lib/jvm/java-8-openjdk-amd64/jre/lib/jsse.jar:/usr/lib/jvm/java-8-openjdk-amd64/jre/lib/jce.jar:/usr/lib/jvm/java-8-openjdk-amd64/jre/lib/charsets.jar:/usr/lib/jvm/java-8-openjdk-amd64/jre/lib/jfr.jar:/usr/lib/jvm/java-8-openjdk-amd64/jre/classes"/>
    <property name="sun.management.compiler" value="HotSpot 64-Bit Tiered Compilers"/>
    <property name="java.runtime.version" value="1.8.0_242-8u242-b08-0ubuntu3~19.10-b08"/>
    <property name="java.net.preferIPv4Stack" value="true"/>
    <property name="user.name" value="miller"/>
    <property name="path.separator" value=":"/>
    <property name="java.security.egd" value="file:/dev/./urandom"/>
    <property name="os.version" value="5.3.0-40-generic"/>
    <property name="java.endorsed.dirs" value="/usr/lib/jvm/java-8-openjdk-amd64/jre/lib/endorsed"/>
    <property name="java.runtime.name" value="OpenJDK Runtime Environment"/>
    <property name="file.encoding" value="UTF-8"/>
    <property name="java.vm.name" value="OpenJDK 64-Bit Server VM"/>
    <property name="localRepository" value="/home/miller/.m2/repository"/>
    <property name="java.vendor.url.bug" value="http://bugreport.sun.com/bugreport/"/>
    <property name="java.io.tmpdir" value="/tmp"/>
    <property name="java.version" value="1.8.0_242"/>
    <property name="user.dir" value="/data2/hbase/hbase-zookeeper"/>
    <property name="os.arch" value="amd64"/>
    <property name="java.vm.specification.name" value="Java Virtual Machine Specification"/>
    <property name="test.build.classes" value="/data2/hbase/hbase-zookeeper/target/test-classes"/>
    <property name="java.awt.printerjob" value="sun.print.PSPrinterJob"/>
    <property name="sun.os.patch.level" value="unknown"/>
    <property name="java.library.path" value="/usr/java/packages/lib/amd64:/usr/lib/x86_64-linux-gnu/jni:/lib/x86_64-linux-gnu:/usr/lib/x86_64-linux-gnu:/usr/lib/jni:/lib:/usr/lib"/>
    <property name="java.vm.info" value="mixed mode"/>
    <property name="java.vendor" value="Private Build"/>
    <property name="java.vm.version" value="25.242-b08"/>
    <property name="org.apache.hbase.thirdparty.io.netty.leakDetection.level" value="advanced"/>
    <property name="java.ext.dirs" value="/usr/lib/jvm/java-8-openjdk-amd64/jre/lib/ext:/usr/java/packages/lib/ext"/>
    <property name="sun.io.unicode.encoding" value="UnicodeLittle"/>
    <property name="java.class.version" value="52.0"/>
    <property name="hbase.build.id" value="2020-03-01T06:31:58Z"/>
  </properties>
  <testcase name="testCreateACLWithSameUser" classname="org.apache.hadoop.hbase.zookeeper.TestZKUtilNoServer" time="0.382"/>
  <testcase name="testInterruptedDuringAction" classname="org.apache.hadoop.hbase.zookeeper.TestZKUtilNoServer" time="0.813"/>
  <testcase name="testUnsecure" classname="org.apache.hadoop.hbase.zookeeper.TestZKUtilNoServer" time="0.045"/>
  <testcase name="testCreateACL" classname="org.apache.hadoop.hbase.zookeeper.TestZKUtilNoServer" time="0.037"/>
  <testcase name="testSecuritySingleSuperuser" classname="org.apache.hadoop.hbase.zookeeper.TestZKUtilNoServer" time="0.039"/>
</testsuite>